[debug] [2023-11-10T09:19:52.987Z] ----------------------------------------------------------------------
[debug] [2023-11-10T09:19:52.990Z] Command:       /Users/cerenguvenilir/.nvm/versions/node/v20.9.0/bin/node /Users/cerenguvenilir/.nvm/versions/node/v20.9.0/bin/firebase init
[debug] [2023-11-10T09:19:52.991Z] CLI Version:   12.8.1
[debug] [2023-11-10T09:19:52.991Z] Platform:      darwin
[debug] [2023-11-10T09:19:52.991Z] Node Version:  v20.9.0
[debug] [2023-11-10T09:19:52.991Z] Time:          Fri Nov 10 2023 10:19:52 GMT+0100 (GMT+01:00)
[debug] [2023-11-10T09:19:52.991Z] ----------------------------------------------------------------------
[debug] 
[debug] [2023-11-10T09:19:52.997Z] > command requires scopes: ["email","openid","https://www.googleapis.com/auth/cloudplatformprojects.readonly","https://www.googleapis.com/auth/firebase","https://www.googleapis.com/auth/cloud-platform"]
[debug] [2023-11-10T09:19:52.998Z] > authorizing via signed-in user (sametbalkan1@gmail.com)
[info] 
     ######## #### ########  ######## ########     ###     ######  ########
     ##        ##  ##     ## ##       ##     ##  ##   ##  ##       ##
     ######    ##  ########  ######   ########  #########  ######  ######
     ##        ##  ##    ##  ##       ##     ## ##     ##       ## ##
     ##       #### ##     ## ######## ########  ##     ##  ######  ########

You're about to initialize a Firebase project in this directory:

  /Users/cerenguvenilir/firebase_react

[info] 
=== Project Setup
[info] 
[info] First, let's associate this project directory with a Firebase project.
[info] You can create multiple project aliases by running firebase use --add, 
[info] but for now we'll just set up a default project.
[info] 
[debug] [2023-11-10T09:20:04.368Z] >>> [apiv2][query] GET https://firebase.googleapis.com/v1beta1/projects pageSize=100
[debug] [2023-11-10T09:20:10.580Z] <<< [apiv2][status] GET https://firebase.googleapis.com/v1beta1/projects 200
[debug] [2023-11-10T09:20:10.581Z] <<< [apiv2][body] GET https://firebase.googleapis.com/v1beta1/projects [omitted]
[info] i  Using project idawebapp-1 (IdaWebApps) 
[info] 
=== Hosting Setup
[info] 
[info] Your public directory is the folder (relative to your project directory) that
[info] will contain Hosting assets to be uploaded with firebase deploy. If you
[info] have a build process for your assets, use your build's output directory.
[info] 
[info] i  Skipping write of public/404.html 
[debug] [2023-11-10T09:22:09.957Z] >>> [apiv2][query] GET https://www.gstatic.com/firebasejs/releases.json [none]
[debug] [2023-11-10T09:22:10.149Z] <<< [apiv2][status] GET https://www.gstatic.com/firebasejs/releases.json 200
[debug] [2023-11-10T09:22:10.149Z] <<< [apiv2][body] GET https://www.gstatic.com/firebasejs/releases.json {"current":{"version":"10.6.0","browserURL":"https://www.gstatic.com/firebasejs/10.6.0/firebase.js","packageURL":"https://www.gstatic.com/firebasejs/10.6.0/firebase.tgz"},"live":{"version":"10.6","browserURL":"https://www.gstatic.com/firebasejs/live/10.6/firebase.js","packageURL":"https://www.gstatic.com/firebasejs/live/10.6/firebase.tgz"},"components":{"analytics":"https://www.gstatic.com/firebasejs/10.6.0/firebase-analytics.js","app":"https://www.gstatic.com/firebasejs/10.6.0/firebase-app.js","app-check":"https://www.gstatic.com/firebasejs/10.6.0/firebase-app-check.js","auth":"https://www.gstatic.com/firebasejs/10.6.0/firebase-auth.js","auth/cordova":"https://www.gstatic.com/firebasejs/10.6.0/firebase-auth/cordova.js","functions":"https://www.gstatic.com/firebasejs/10.6.0/firebase-functions.js","firestore":"https://www.gstatic.com/firebasejs/10.6.0/firebase-firestore.js","firestore/lite":"https://www.gstatic.com/firebasejs/10.6.0/firebase-firestore/lite.js","installations":"https://www.gstatic.com/firebasejs/10.6.0/firebase-installations.js","storage":"https://www.gstatic.com/firebasejs/10.6.0/firebase-storage.js","performance":"https://www.gstatic.com/firebasejs/10.6.0/firebase-performance.js","remote-config":"https://www.gstatic.com/firebasejs/10.6.0/firebase-remote-config.js","messaging":"https://www.gstatic.com/firebasejs/10.6.0/firebase-messaging.js","messaging/sw":"https://www.gstatic.com/firebasejs/10.6.0/firebase-messaging/sw.js","database":"https://www.gstatic.com/firebasejs/10.6.0/firebase-database.js","firestore.memory":"https://www.gstatic.com/firebasejs/10.6.0/firebase-firestore.memory.js"}}
[info] i  Skipping write of public/index.html 
[info] 
[info] i  Detected a .git folder at /Users/cerenguvenilir/firebase_react 
[info] i  Authorizing with GitHub to upload your service account to a GitHub repository's secrets store. 
[info] 
[info] Visit this URL on this device to log in:
[info] https://github.com/login/oauth/authorize?client_id=89cf50f02ac6aaed3484&state=179448961&redirect_uri=http%3A%2F%2Flocalhost%3A9005&scope=read%3Auser%20repo%20public_repo
[info] 
[info] Waiting for authentication...
[debug] [2023-11-10T09:23:45.587Z] >>> [apiv2][query] POST https://github.com/login/oauth/access_token [none]
[debug] [2023-11-10T09:23:45.589Z] >>> [apiv2][body] POST https://github.com/login/oauth/access_token [stream]
[debug] [2023-11-10T09:23:46.062Z] <<< [apiv2][status] POST https://github.com/login/oauth/access_token 200
[debug] [2023-11-10T09:23:46.062Z] <<< [apiv2][body] POST https://github.com/login/oauth/access_token {"access_token":"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","token_type":"bearer","scope":"read:user,repo"}
[debug] [2023-11-10T09:23:46.089Z] >>> [apiv2][query] GET https://api.github.com/user [none]
[debug] [2023-11-10T09:23:46.474Z] <<< [apiv2][status] GET https://api.github.com/user 200
[debug] [2023-11-10T09:23:46.475Z] <<< [apiv2][body] GET https://api.github.com/user {"login":"threemanifold","id":62208489,"node_id":"MDQ6VXNlcjYyMjA4NDg5","avatar_url":"https://avatars.githubusercontent.com/u/62208489?v=4","gravatar_id":"","url":"https://api.github.com/users/threemanifold","html_url":"https://github.com/threemanifold","followers_url":"https://api.github.com/users/threemanifold/followers","following_url":"https://api.github.com/users/threemanifold/following{/other_user}","gists_url":"https://api.github.com/users/threemanifold/gists{/gist_id}","starred_url":"https://api.github.com/users/threemanifold/starred{/owner}{/repo}","subscriptions_url":"https://api.github.com/users/threemanifold/subscriptions","organizations_url":"https://api.github.com/users/threemanifold/orgs","repos_url":"https://api.github.com/users/threemanifold/repos","events_url":"https://api.github.com/users/threemanifold/events{/privacy}","received_events_url":"https://api.github.com/users/threemanifold/received_events","type":"User","site_admin":false,"name":null,"company":null,"blog":"","location":null,"email":null,"hireable":null,"bio":null,"twitter_username":null,"public_repos":0,"public_gists":0,"followers":0,"following":0,"created_at":"2020-03-15T13:40:14Z","updated_at":"2023-10-23T15:07:25Z","private_gists":0,"total_private_repos":0,"owned_private_repos":0,"disk_usage":0,"collaborators":0,"two_factor_authentication":false,"plan":{"name":"free","space":976562499,"collaborators":0,"private_repos":10000}}
[info] 
[info] ✔  Success! Logged into GitHub as threemanifold 
[info] 
